<?xml version="1.0" encoding="UTF-8"?>
<testsuite xmlns:xsi="http://www.w3.org/2001/XMLSchema-instance" xsi:noNamespaceSchemaLocation="https://maven.apache.org/surefire/maven-surefire-plugin/xsd/surefire-test-report.xsd" version="3.0.2" name="com.planningpoker.room.infrastructure.persistence.DeckValuePersistenceMapperTest" time="0.018" tests="8" errors="0" skipped="0" failures="0">
  <properties>
[...]
</properties>
  <testcase name="toDomainList_shouldMapAllElements" classname="com.planningpoker.room.infrastructure.persistence.DeckValuePersistenceMapperTest" time="0.0"/>
  <testcase name="toEntityList_shouldReturnEmptyList_whenNull" classname="com.planningpoker.room.infrastructure.persistence.DeckValuePersistenceMapperTest" time="0.0"/>
  <testcase name="roundTrip_shouldPreserveAllFields" classname="com.planningpoker.room.infrastructure.persistence.DeckValuePersistenceMapperTest" time="0.011"/>
  <testcase name="toEntity_shouldReturnNull_whenDomainIsNull" classname="com.planningpoker.room.infrastructure.persistence.DeckValuePersistenceMapperTest" time="0.001"/>
  <testcase name="toDomain_shouldMapAllFields" classname="com.planningpoker.room.infrastructure.persistence.DeckValuePersistenceMapperTest" time="0.001"/>
  <testcase name="toDomainList_shouldReturnEmptyList_whenNull" classname="com.planningpoker.room.infrastructure.persistence.DeckValuePersistenceMapperTest" time="0.001"/>
  <testcase name="toDomain_shouldReturnNull_whenEntityIsNull" classname="com.planningpoker.room.infrastructure.persistence.DeckValuePersistenceMapperTest" time="0.0"/>
  <testcase name="toEntity_shouldMapAllFields" classname="com.planningpoker.room.infrastructure.persistence.DeckValuePersistenceMapperTest" time="0.0"/>
</testsuite>